[PyIPOPT] Ipopt will use Hessian approximation.

[PyIPOPT] Problem created

******************************************************************************
This program contains Ipopt, a library for large-scale nonlinear optimization.
 Ipopt is released as open source code under the Eclipse Public License (EPL).
         For more information visit http://projects.coin-or.org/Ipopt
******************************************************************************

[PyIPOPT] Ipopt will use Hessian approximation.

[PyIPOPT] Ipopt will use Hessian approximation.

[PyIPOPT] Problem created

******************************************************************************
This program contains Ipopt, a library for large-scale nonlinear optimization.
 Ipopt is released as open source code under the Eclipse Public License (EPL).
         For more information visit http://projects.coin-or.org/Ipopt
******************************************************************************

[PyIPOPT] Problem created

******************************************************************************
This program contains Ipopt, a library for large-scale nonlinear optimization.
 Ipopt is released as open source code under the Eclipse Public License (EPL).
         For more information visit http://projects.coin-or.org/Ipopt
******************************************************************************

[PyIPOPT] Ipopt will use Hessian approximation.

[PyIPOPT] Ipopt will use Hessian approximation.

[PyIPOPT] Problem created

******************************************************************************
This program contains Ipopt, a library for large-scale nonlinear optimization.
 Ipopt is released as open source code under the Eclipse Public License (EPL).
         For more information visit http://projects.coin-or.org/Ipopt
******************************************************************************

[PyIPOPT] Problem created

******************************************************************************
This program contains Ipopt, a library for large-scale nonlinear optimization.
 Ipopt is released as open source code under the Eclipse Public License (EPL).
         For more information visit http://projects.coin-or.org/Ipopt
******************************************************************************

[PyIPOPT] Ipopt will use Hessian approximation.

[PyIPOPT] Problem created
[PyIPOPT] Ipopt will use Hessian approximation.

[PyIPOPT] Problem created
[PyIPOPT] Ipopt will use Hessian approximation.

[PyIPOPT] Problem created
[PyIPOPT] Ipopt will use Hessian approximation.

[PyIPOPT] Problem created
[PyIPOPT] Ipopt will use Hessian approximation.

[PyIPOPT] Problem created
[PyIPOPT] Ipopt will use Hessian approximation.

[PyIPOPT] Problem created
[PyIPOPT] Ipopt will use Hessian approximation.

[PyIPOPT] Problem created
[PyIPOPT] Ipopt will use Hessian approximation.

[PyIPOPT] Problem created
[PyIPOPT] Ipopt will use Hessian approximation.

[PyIPOPT] Problem created
[PyIPOPT] Ipopt will use Hessian approximation.

[PyIPOPT] Problem created
[PyIPOPT] Ipopt will use Hessian approximation.

[PyIPOPT] Problem created
[PyIPOPT] Ipopt will use Hessian approximation.

[PyIPOPT] Problem created
[PyIPOPT] Ipopt will use Hessian approximation.

[PyIPOPT] Problem created
[PyIPOPT] Ipopt will use Hessian approximation.

[PyIPOPT] Problem created
[PyIPOPT] Ipopt will use Hessian approximation.

[PyIPOPT] Problem created
[PyIPOPT] Ipopt will use Hessian approximation.

[PyIPOPT] Problem created
[PyIPOPT] Ipopt will use Hessian approximation.

[PyIPOPT] Problem created
[PyIPOPT] Ipopt will use Hessian approximation.

[PyIPOPT] Problem created
[PyIPOPT] Ipopt will use Hessian approximation.

[PyIPOPT] Problem created
[PyIPOPT] Ipopt will use Hessian approximation.

[PyIPOPT] Problem created
('Size: ', 5, ' rank ', 0)
('Size: ', 5, ' rank ', 3)
('Size: ', 5, ' rank ', 4)
('Size: ', 5, ' rank ', 1)
('Size: ', 5, ' rank ', 2)
[PyIPOPT] Ipopt will use Hessian approximation.

[PyIPOPT] Ipopt will use Hessian approximation.

[PyIPOPT] Ipopt will use Hessian approximation.

[PyIPOPT] Ipopt will use Hessian approximation.

[PyIPOPT] Problem created
[PyIPOPT] Problem created
[PyIPOPT] Problem created
[PyIPOPT] Problem created
[PyIPOPT] Ipopt will use Hessian approximation.

[PyIPOPT] Problem created
[PyIPOPT] Ipopt will use Hessian approximation.

[PyIPOPT] Problem created
[PyIPOPT] Ipopt will use Hessian approximation.

[PyIPOPT] Problem created
[PyIPOPT] Ipopt will use Hessian approximation.

[PyIPOPT] Problem created
[PyIPOPT] Ipopt will use Hessian approximation.

[PyIPOPT] Problem created
[PyIPOPT] Ipopt will use Hessian approximation.

[PyIPOPT] Problem created
[PyIPOPT] Ipopt will use Hessian approximation.

[PyIPOPT] Problem created
[PyIPOPT] Ipopt will use Hessian approximation.

[PyIPOPT] Problem created
[PyIPOPT] Ipopt will use Hessian approximation.

[PyIPOPT] Problem created
[PyIPOPT] Ipopt will use Hessian approximation.

[PyIPOPT] Problem created
[PyIPOPT] Ipopt will use Hessian approximation.

[PyIPOPT] Problem created
[PyIPOPT] Ipopt will use Hessian approximation.

[PyIPOPT] Problem created
[PyIPOPT] Ipopt will use Hessian approximation.

[PyIPOPT] Ipopt will use Hessian approximation.

[PyIPOPT] Problem created
[PyIPOPT] Problem created
[PyIPOPT] Ipopt will use Hessian approximation.

[PyIPOPT] Problem created
[PyIPOPT] Ipopt will use Hessian approximation.

[PyIPOPT] Problem created
[PyIPOPT] Ipopt will use Hessian approximation.

[PyIPOPT] Problem created
[PyIPOPT] Ipopt will use Hessian approximation.

[PyIPOPT] Problem created
[PyIPOPT] Ipopt will use Hessian approximation.

[PyIPOPT] Problem created
[PyIPOPT] Ipopt will use Hessian approximation.

[PyIPOPT] Problem created
[PyIPOPT] Ipopt will use Hessian approximation.

[PyIPOPT] Problem created
('Size: ', 5, ' rank ', 0)
('Size: ', 5, ' rank ', 3)
('Size: ', 5, ' rank ', 4)
('Size: ', 5, ' rank ', 2)
('Size: ', 5, ' rank ', 1)
[PyIPOPT] Ipopt will use Hessian approximation.

[PyIPOPT] Problem created
[PyIPOPT] Ipopt will use Hessian approximation.

[PyIPOPT] Problem created
[PyIPOPT] Ipopt will use Hessian approximation.

[PyIPOPT] Problem created
[PyIPOPT] Ipopt will use Hessian approximation.

[PyIPOPT] Problem created
[PyIPOPT] Ipopt will use Hessian approximation.

[PyIPOPT] Problem created
[PyIPOPT] Ipopt will use Hessian approximation.

[PyIPOPT] Problem created
[PyIPOPT] Ipopt will use Hessian approximation.

[PyIPOPT] Problem created
[PyIPOPT] Ipopt will use Hessian approximation.

[PyIPOPT] Problem created
[PyIPOPT] Ipopt will use Hessian approximation.

[PyIPOPT] Problem created
[PyIPOPT] Ipopt will use Hessian approximation.

[PyIPOPT] Problem created
[PyIPOPT] Ipopt will use Hessian approximation.

[PyIPOPT] Problem created
[PyIPOPT] Ipopt will use Hessian approximation.

[PyIPOPT] Problem created
[PyIPOPT] Ipopt will use Hessian approximation.

[PyIPOPT] Problem created
[PyIPOPT] Ipopt will use Hessian approximation.

[PyIPOPT] Problem created
[PyIPOPT] Ipopt will use Hessian approximation.

[PyIPOPT] Problem created
[PyIPOPT] Ipopt will use Hessian approximation.

[PyIPOPT] Problem created
[PyIPOPT] Ipopt will use Hessian approximation.

[PyIPOPT] Problem created
[PyIPOPT] Ipopt will use Hessian approximation.

[PyIPOPT] Problem created
[PyIPOPT] Ipopt will use Hessian approximation.

[PyIPOPT] Problem created
[PyIPOPT] Ipopt will use Hessian approximation.

[PyIPOPT] Problem created
[PyIPOPT] Ipopt will use Hessian approximation.

[PyIPOPT] Problem created
[PyIPOPT] Ipopt will use Hessian approximation.

[PyIPOPT] Problem created
[PyIPOPT] Ipopt will use Hessian approximation.

[PyIPOPT] Problem created
[PyIPOPT] Ipopt will use Hessian approximation.

[PyIPOPT] Problem created
[PyIPOPT] Ipopt will use Hessian approximation.

[PyIPOPT] Problem created
('Size: ', 5, ' rank ', 0)
('Size: ', 5, ' rank ', 3)
('Size: ', 5, ' rank ', 4)
('Size: ', 5, ' rank ', 2)
('Size: ', 5, ' rank ', 1)
[PyIPOPT] Ipopt will use Hessian approximation.

[PyIPOPT] Problem created
[PyIPOPT] Ipopt will use Hessian approximation.

[PyIPOPT] Problem created
[PyIPOPT] Ipopt will use Hessian approximation.

[PyIPOPT] Problem created
[PyIPOPT] Ipopt will use Hessian approximation.

[PyIPOPT] Problem created
[PyIPOPT] Ipopt will use Hessian approximation.

[PyIPOPT] Problem created
[PyIPOPT] Ipopt will use Hessian approximation.

[PyIPOPT] Problem created
[PyIPOPT] Ipopt will use Hessian approximation.

[PyIPOPT] Problem created
[PyIPOPT] Ipopt will use Hessian approximation.

[PyIPOPT] Problem created
[PyIPOPT] Ipopt will use Hessian approximation.

[PyIPOPT] Problem created
[PyIPOPT] Ipopt will use Hessian approximation.

[PyIPOPT] Problem created
[PyIPOPT] Ipopt will use Hessian approximation.

[PyIPOPT] Problem created
[PyIPOPT] Ipopt will use Hessian approximation.

[PyIPOPT] Problem created
[PyIPOPT] Ipopt will use Hessian approximation.

[PyIPOPT] Problem created
[PyIPOPT] Ipopt will use Hessian approximation.

[PyIPOPT] Problem created
[PyIPOPT] Ipopt will use Hessian approximation.

[PyIPOPT] Problem created
[PyIPOPT] Ipopt will use Hessian approximation.

[PyIPOPT] Problem created
[PyIPOPT] Ipopt will use Hessian approximation.

[PyIPOPT] Problem created
[PyIPOPT] Ipopt will use Hessian approximation.

[PyIPOPT] Problem created
[PyIPOPT] Ipopt will use Hessian approximation.

[PyIPOPT] Problem created
[PyIPOPT] Ipopt will use Hessian approximation.

[PyIPOPT] Problem created
[PyIPOPT] Ipopt will use Hessian approximation.

[PyIPOPT] Problem created
[PyIPOPT] Ipopt will use Hessian approximation.

[PyIPOPT] Problem created
[PyIPOPT] Ipopt will use Hessian approximation.

[PyIPOPT] Problem created
[PyIPOPT] Ipopt will use Hessian approximation.

[PyIPOPT] Problem created
[PyIPOPT] Ipopt will use Hessian approximation.

[PyIPOPT] Problem created
('Size: ', 5, ' rank ', 0)
('Size: ', 5, ' rank ', 3)
('Size: ', 5, ' rank ', 1)
('Size: ', 5, ' rank ', 4)
('Size: ', 5, ' rank ', 2)
[PyIPOPT] Ipopt will use Hessian approximation.

[PyIPOPT] Problem created
[PyIPOPT] Ipopt will use Hessian approximation.

[PyIPOPT] Problem created
[PyIPOPT] Ipopt will use Hessian approximation.

[PyIPOPT] Problem created
[PyIPOPT] Ipopt will use Hessian approximation.

[PyIPOPT] Ipopt will use Hessian approximation.

[PyIPOPT] Problem created
[PyIPOPT] Problem created
[PyIPOPT] Ipopt will use Hessian approximation.

[PyIPOPT] Problem created
[PyIPOPT] Ipopt will use Hessian approximation.

[PyIPOPT] Problem created
[PyIPOPT] Ipopt will use Hessian approximation.

[PyIPOPT] Problem created
[PyIPOPT] Ipopt will use Hessian approximation.

[PyIPOPT] Problem created
[PyIPOPT] Ipopt will use Hessian approximation.

[PyIPOPT] Problem created
[PyIPOPT] Ipopt will use Hessian approximation.

[PyIPOPT] Problem created
[PyIPOPT] Ipopt will use Hessian approximation.

[PyIPOPT] Problem created
[PyIPOPT] Ipopt will use Hessian approximation.

[PyIPOPT] Problem created
[PyIPOPT] Ipopt will use Hessian approximation.

[PyIPOPT] Problem created
[PyIPOPT] Ipopt will use Hessian approximation.

[PyIPOPT] Problem created
[PyIPOPT] Ipopt will use Hessian approximation.

[PyIPOPT] Problem created
[PyIPOPT] Ipopt will use Hessian approximation.

[PyIPOPT] Problem created
[PyIPOPT] Ipopt will use Hessian approximation.

[PyIPOPT] Problem created
[PyIPOPT] Ipopt will use Hessian approximation.

[PyIPOPT] Problem created
[PyIPOPT] Ipopt will use Hessian approximation.

[PyIPOPT] Problem created
[PyIPOPT] Ipopt will use Hessian approximation.

[PyIPOPT] Problem created
[PyIPOPT] Ipopt will use Hessian approximation.

[PyIPOPT] Problem created
[PyIPOPT] Ipopt will use Hessian approximation.

[PyIPOPT] Problem created
[PyIPOPT] Ipopt will use Hessian approximation.

[PyIPOPT] Problem created
[PyIPOPT] Ipopt will use Hessian approximation.

[PyIPOPT] Problem created
('Size: ', 5, ' rank ', 0)
('Size: ', 5, ' rank ', 2)
('Size: ', 5, ' rank ', 3)
('Size: ', 5, ' rank ', 1)
('Size: ', 5, ' rank ', 4)
[PyIPOPT] Ipopt will use Hessian approximation.

[PyIPOPT] Problem created
[PyIPOPT] Ipopt will use Hessian approximation.

[PyIPOPT] Problem created
[PyIPOPT] Ipopt will use Hessian approximation.

[PyIPOPT] Problem created
[PyIPOPT] Ipopt will use Hessian approximation.

[PyIPOPT] Problem created
[PyIPOPT] Ipopt will use Hessian approximation.

[PyIPOPT] Problem created
[PyIPOPT] Ipopt will use Hessian approximation.

[PyIPOPT] Problem created
[PyIPOPT] Ipopt will use Hessian approximation.

[PyIPOPT] Problem created
[PyIPOPT] Ipopt will use Hessian approximation.

[PyIPOPT] Problem created
[PyIPOPT] Ipopt will use Hessian approximation.

[PyIPOPT] Ipopt will use Hessian approximation.

[PyIPOPT] Problem created
[PyIPOPT] Problem created
[PyIPOPT] Ipopt will use Hessian approximation.

[PyIPOPT] Problem created
[PyIPOPT] Ipopt will use Hessian approximation.

[PyIPOPT] Problem created
[PyIPOPT] Ipopt will use Hessian approximation.

[PyIPOPT] Problem created
[PyIPOPT] Ipopt will use Hessian approximation.

[PyIPOPT] Problem created
[PyIPOPT] Ipopt will use Hessian approximation.

[PyIPOPT] Problem created
[PyIPOPT] Ipopt will use Hessian approximation.

[PyIPOPT] Problem created
[PyIPOPT] Ipopt will use Hessian approximation.

[PyIPOPT] Problem created
[PyIPOPT] Ipopt will use Hessian approximation.

[PyIPOPT] Problem created
[PyIPOPT] Ipopt will use Hessian approximation.

[PyIPOPT] Problem created
[PyIPOPT] Ipopt will use Hessian approximation.

[PyIPOPT] Problem created
[PyIPOPT] Ipopt will use Hessian approximation.

[PyIPOPT] Problem created
[PyIPOPT] Ipopt will use Hessian approximation.

[PyIPOPT] Ipopt will use Hessian approximation.

[PyIPOPT] Problem created
[PyIPOPT] Problem created
[PyIPOPT] Ipopt will use Hessian approximation.

[PyIPOPT] Problem created
[PyIPOPT] Ipopt will use Hessian approximation.

[PyIPOPT] Problem created
END
END
END
END
END
9.89
